<?xml version="1.0" encoding="UTF-8"?>
<!-- Generated by org.testng.reporters.JUnitReportReporter -->
<testsuite hostname="D0844" name="UAT.Archive_Delete" tests="1" failures="0" timestamp="30 Nov 2015 10:42:04 GMT" time="308.413" errors="0">
  <testcase name="main" time="308.413" classname="UAT.Archive_Delete"/>
</testsuite> <!-- UAT.Archive_Delete -->
