<?xml version="1.0" encoding="UTF-8"?>
<!-- Generated by org.testng.reporters.JUnitReportReporter -->
<testsuite hostname="L1055" name="UAT.Edit_End_Point" tests="1" failures="0" timestamp="2 Sep 2015 13:13:14 GMT" time="36.111" errors="0">
  <testcase name="main" time="36.111" classname="UAT.Edit_End_Point"/>
</testsuite> <!-- UAT.Edit_End_Point -->
