<?xml version="1.0" encoding="UTF-8"?>
<!-- Generated by org.testng.reporters.JUnitReportReporter -->
<testsuite hostname="L1055" name="UAT.Add_Document_Sources" tests="1" failures="0" timestamp="2 Sep 2015 14:48:18 GMT" time="80.268" errors="0">
  <testcase name="main" time="80.268" classname="UAT.Add_Document_Sources"/>
</testsuite> <!-- UAT.Add_Document_Sources -->
