<?xml version="1.0" encoding="UTF-8"?>
<!-- Generated by org.testng.reporters.JUnitReportReporter -->
<testsuite hostname="L1055" name="UAT.Users_Filter" tests="1" failures="0" timestamp="2 Sep 2015 14:02:24 GMT" time="4.293" errors="0">
  <testcase name="main" time="4.293" classname="UAT.Users_Filter"/>
</testsuite> <!-- UAT.Users_Filter -->
