<?xml version="1.0" encoding="UTF-8"?>
<!-- Generated by org.testng.reporters.JUnitReportReporter -->
<testsuite hostname="D0844" name="UAT.Add_Users" tests="1" failures="0" timestamp="7 Aug 2015 13:17:56 GMT" time="23.654" errors="0">
  <testcase name="main" time="23.654" classname="UAT.Add_Users"/>
</testsuite> <!-- UAT.Add_Users -->
