<?xml version="1.0" encoding="UTF-8"?>
<!-- Generated by org.testng.reporters.JUnitReportReporter -->
<testsuite hostname="D0844" name="UAT.Users_Next_Prev" tests="1" failures="0" timestamp="3 Sep 2015 07:22:00 GMT" time="8.411" errors="0">
  <testcase name="main" time="8.411" classname="UAT.Users_Next_Prev"/>
</testsuite> <!-- UAT.Users_Next_Prev -->
