<?xml version="1.0" encoding="UTF-8"?>
<!-- Generated by org.testng.reporters.JUnitReportReporter -->
<testsuite hostname="D0844" name="UAT.Users" tests="1" failures="0" timestamp="5 Aug 2015 09:28:50 GMT" time="9.114" errors="0">
  <testcase name="main" time="9.114" classname="UAT.Users"/>
</testsuite> <!-- UAT.Users -->
