<?xml version="1.0" encoding="UTF-8"?>
<!-- Generated by org.testng.reporters.JUnitReportReporter -->
<testsuite hostname="D0844" name="UAT.End_Point_Next_Prev" tests="1" failures="0" timestamp="6 Aug 2015 08:14:09 GMT" time="49.541" errors="0">
  <testcase name="main" time="49.541" classname="UAT.End_Point_Next_Prev"/>
</testsuite> <!-- UAT.End_Point_Next_Prev -->
