<?xml version="1.0" encoding="UTF-8"?>
<!-- Generated by org.testng.reporters.JUnitReportReporter -->
<testsuite hostname="L1055" name="UAT.Document_List" tests="1" failures="0" timestamp="29 Jul 2015 12:42:03 GMT" time="257.033" errors="0">
  <testcase name="main" time="257.033" classname="UAT.Document_List"/>
</testsuite> <!-- UAT.Document_List -->
