<?xml version="1.0" encoding="UTF-8"?>
<!-- Generated by org.testng.reporters.JUnitReportReporter -->
<testsuite hostname="L1055" name="UAT.Edit_Clinicians" tests="1" failures="0" timestamp="2 Sep 2015 13:39:22 GMT" time="19.558" errors="0">
  <testcase name="main" time="19.558" classname="UAT.Edit_Clinicians"/>
</testsuite> <!-- UAT.Edit_Clinicians -->
