<?xml version="1.0" encoding="UTF-8"?>
<!-- Generated by org.testng.reporters.JUnitReportReporter -->
<testsuite hostname="D0844" name="UAT.Delete_Users" tests="1" failures="0" timestamp="7 Aug 2015 13:46:48 GMT" time="140.698" errors="0">
  <testcase name="main" time="140.698" classname="UAT.Delete_Users"/>
</testsuite> <!-- UAT.Delete_Users -->
