<?xml version="1.0" encoding="UTF-8"?>
<!-- Generated by org.testng.reporters.JUnitReportReporter -->
<testsuite hostname="D0844" name="UAT.Activity_Summary" tests="1" failures="0" timestamp="13 Nov 2015 10:40:32 GMT" time="1.832" errors="0">
  <testcase name="main" time="1.832" classname="UAT.Activity_Summary"/>
</testsuite> <!-- UAT.Activity_Summary -->
