<?xml version="1.0" encoding="UTF-8"?>
<!-- Generated by org.testng.reporters.JUnitReportReporter -->
<testsuite hostname="L1055" name="UAT.View_Active_End_Points" tests="1" failures="0" timestamp="30 Jul 2015 08:43:35 GMT" time="13.593" errors="0">
  <testcase name="main" time="13.593" classname="UAT.View_Active_End_Points"/>
</testsuite> <!-- UAT.View_Active_End_Points -->
