<?xml version="1.0" encoding="UTF-8"?>
<!-- Generated by org.testng.reporters.JUnitReportReporter -->
<testsuite hostname="L1055" name="UAT.View_Active_Document_Sources" tests="1" failures="0" timestamp="30 Jul 2015 08:52:55 GMT" time="25.146" errors="0">
  <testcase name="main" time="25.146" classname="UAT.View_Active_Document_Sources"/>
</testsuite> <!-- UAT.View_Active_Document_Sources -->
