<?xml version="1.0" encoding="UTF-8"?>
<!-- Generated by org.testng.reporters.JUnitReportReporter -->
<testsuite hostname="D0844" name="UAT.Archive" tests="1" failures="0" timestamp="26 Nov 2015 13:28:15 GMT" time="307.611" errors="0">
  <testcase name="main" time="307.611" classname="UAT.Archive"/>
</testsuite> <!-- UAT.Archive -->
