<?xml version="1.0" encoding="UTF-8"?>
<!-- Generated by org.testng.reporters.JUnitReportReporter -->
<testsuite hostname="L1055" name="UAT.View_Document_On_Hold" tests="1" failures="0" timestamp="27 Jul 2015 09:06:09 GMT" time="12.665" errors="0">
  <testcase name="main" time="12.665" classname="UAT.View_Document_On_Hold"/>
</testsuite> <!-- UAT.View_Document_On_Hold -->
