<?xml version="1.0" encoding="UTF-8"?>
<!-- Generated by org.testng.reporters.JUnitReportReporter -->
<testsuite hostname="L1055" name="UAT.Edit_button_Document_List" tests="1" failures="0" timestamp="2 Sep 2015 12:55:49 GMT" time="5.275" errors="0">
  <testcase name="main" time="5.275" classname="UAT.Edit_button_Document_List"/>
</testsuite> <!-- UAT.Edit_button_Document_List -->
