<?xml version="1.0" encoding="UTF-8"?>
<!-- Generated by org.testng.reporters.JUnitReportReporter -->
<testsuite hostname="D0844" name="UAT.Delete_Clinicians" tests="1" failures="0" timestamp="4 Aug 2015 13:14:20 GMT" time="3.544" errors="0">
  <testcase name="main" time="3.544" classname="UAT.Delete_Clinicians"/>
</testsuite> <!-- UAT.Delete_Clinicians -->
