<?xml version="1.0" encoding="UTF-8"?>
<!-- Generated by org.testng.reporters.JUnitReportReporter -->
<testsuite hostname="D0844" name="UAT.Clinicians_Next_Prev" tests="1" failures="0" timestamp="7 Aug 2015 10:04:34 GMT" time="7.755" errors="0">
  <testcase name="main" time="7.755" classname="UAT.Clinicians_Next_Prev"/>
</testsuite> <!-- UAT.Clinicians_Next_Prev -->
