<?xml version="1.0" encoding="UTF-8"?>
<!-- Generated by org.testng.reporters.JUnitReportReporter -->
<testsuite hostname="D0844" name="UAT.Logon_with_different_users" tests="1" failures="0" timestamp="5 Aug 2015 10:14:20 GMT" time="33.769" errors="0">
  <testcase name="main" time="33.769" classname="UAT.Logon_with_different_users"/>
</testsuite> <!-- UAT.Logon_with_different_users -->
