<?xml version="1.0" encoding="UTF-8"?>
<!-- Generated by org.testng.reporters.JUnitReportReporter -->
<testsuite hostname="L1055" name="UAT.Add_End_Point" tests="1" failures="0" timestamp="2 Sep 2015 13:21:12 GMT" time="87.609" errors="0">
  <testcase name="main" time="87.609" classname="UAT.Add_End_Point"/>
</testsuite> <!-- UAT.Add_End_Point -->
