<?xml version="1.0" encoding="UTF-8"?>
<!-- Generated by org.testng.reporters.JUnitReportReporter -->
<testsuite hostname="D0844" name="UAT.Source_Activity" tests="1" failures="0" timestamp="3 Sep 2015 07:30:58 GMT" time="11.502" errors="0">
  <testcase name="main" time="11.502" classname="UAT.Source_Activity"/>
</testsuite> <!-- UAT.Source_Activity -->
