<?xml version="1.0" encoding="UTF-8"?>
<!-- Generated by org.testng.reporters.JUnitReportReporter -->
<testsuite hostname="D0844" name="UAT.Add_Clinicians" tests="1" failures="0" timestamp="4 Aug 2015 10:27:39 GMT" time="8.178" errors="0">
  <testcase name="main" time="8.178" classname="UAT.Add_Clinicians"/>
</testsuite> <!-- UAT.Add_Clinicians -->
