<?xml version="1.0" encoding="UTF-8"?>
<!-- Generated by org.testng.reporters.JUnitReportReporter -->
<testsuite hostname="D0844" name="UAT.Maintenance" tests="1" failures="0" timestamp="24 Nov 2015 14:37:35 GMT" time="261.659" errors="0">
  <testcase name="main" time="261.659" classname="UAT.Maintenance"/>
</testsuite> <!-- UAT.Maintenance -->
