<?xml version="1.0" encoding="UTF-8"?>
<!-- Generated by org.testng.reporters.JUnitReportReporter -->
<testsuite hostname="D0844" name="UAT.Edit_Users" tests="1" failures="0" timestamp="7 Aug 2015 10:45:28 GMT" time="311.449" errors="0">
  <testcase name="main" time="311.449" classname="UAT.Edit_Users"/>
</testsuite> <!-- UAT.Edit_Users -->
