<?xml version="1.0" encoding="UTF-8"?>
<!-- Generated by org.testng.reporters.JUnitReportReporter -->
<testsuite hostname="L1055" name="UAT.Clinicians_Filter" tests="1" failures="0" timestamp="2 Sep 2015 13:48:18 GMT" time="2.122" errors="0">
  <testcase name="main" time="2.122" classname="UAT.Clinicians_Filter"/>
</testsuite> <!-- UAT.Clinicians_Filter -->
