<?xml version="1.0" encoding="UTF-8"?>
<!-- Generated by org.testng.reporters.JUnitReportReporter -->
<testsuite hostname="D0844" name="UAT.Default_Email" tests="1" failures="0" timestamp="24 Nov 2015 11:01:29 GMT" time="4.747" errors="0">
  <testcase name="main" time="4.747" classname="UAT.Default_Email"/>
</testsuite> <!-- UAT.Default_Email -->
