<?xml version="1.0" encoding="UTF-8"?>
<!-- Generated by org.testng.reporters.JUnitReportReporter -->
<testsuite hostname="L1055" name="UAT.Delete_End_Point" tests="1" failures="0" timestamp="2 Sep 2015 13:21:43 GMT" time="8.540" errors="0">
  <testcase name="main" time="8.540" classname="UAT.Delete_End_Point"/>
</testsuite> <!-- UAT.Delete_End_Point -->
