<?xml version="1.0" encoding="UTF-8"?>
<!-- Generated by org.testng.reporters.JUnitReportReporter -->
<testsuite hostname="L1055" name="UAT.Edit_button_Access_Log" tests="1" failures="0" timestamp="2 Sep 2015 12:33:31 GMT" time="4.697" errors="0">
  <testcase name="main" time="4.697" classname="UAT.Edit_button_Access_Log"/>
</testsuite> <!-- UAT.Edit_button_Access_Log -->
