<?xml version="1.0" encoding="UTF-8"?>
<!-- Generated by org.testng.reporters.JUnitReportReporter -->
<testsuite hostname="D0844" name="UAT.DeleteDocAndArchive" tests="1" failures="0" timestamp="30 Nov 2015 11:02:36 GMT" time="310.291" errors="0">
  <testcase name="main" time="310.291" classname="UAT.DeleteDocAndArchive"/>
</testsuite> <!-- UAT.DeleteDocAndArchive -->
