<?xml version="1.0" encoding="UTF-8"?>
<!-- Generated by org.testng.reporters.JUnitReportReporter -->
<testsuite hostname="D0844" name="UAT.Clinicians" tests="1" failures="0" timestamp="4 Aug 2015 08:01:44 GMT" time="0.686" errors="0">
  <testcase name="main" time="0.686" classname="UAT.Clinicians"/>
</testsuite> <!-- UAT.Clinicians -->
