<?xml version="1.0" encoding="UTF-8"?>
<!-- Generated by org.testng.reporters.JUnitReportReporter -->
<testsuite hostname="D0844" name="UAT.End_Point" tests="1" failures="0" timestamp="5 Aug 2015 13:16:21 GMT" time="5.417" errors="0">
  <testcase name="main" time="5.417" classname="UAT.End_Point"/>
</testsuite> <!-- UAT.End_Point -->
