<?xml version="1.0" encoding="UTF-8"?>
<!-- Generated by org.testng.reporters.JUnitReportReporter -->
<testsuite hostname="L1055" name="UAT.Document_List_Filter" tests="1" failures="0" timestamp="30 Jul 2015 09:47:06 GMT" time="23.257" errors="0">
  <testcase name="main" time="23.257" classname="UAT.Document_List_Filter"/>
</testsuite> <!-- UAT.Document_List_Filter -->
