<?xml version="1.0" encoding="UTF-8"?>
<!-- Generated by org.testng.reporters.JUnitReportReporter -->
<testsuite hostname="D0844" name="UAT.Source_Activity_Filter" tests="1" failures="0" timestamp="3 Sep 2015 08:34:24 GMT" time="4.695" errors="0">
  <testcase name="main" time="4.695" classname="UAT.Source_Activity_Filter"/>
</testsuite> <!-- UAT.Source_Activity_Filter -->
